2026-03-26 13:26:17,137[INFO]: pois model added
2026-03-26 13:26:17,162[INFO]: gamma model added
2026-03-26 13:26:17,182[INFO]: hexp model added
2026-03-26 13:26:17,206[INFO]: lognorm model added
2026-03-26 13:26:17,224[INFO]: uniform model added
2026-03-26 13:26:17,242[INFO]: weibull model added
2026-03-26 13:26:17,272[INFO]: levi model added
2026-03-26 13:26:17,302[INFO]: phisher model added
2026-03-26 13:26:17,327[INFO]: pareto model added
2026-03-26 13:26:17,367[INFO]: invgamma model added
2026-03-26 13:26:17,398[INFO]: lomax model added
2026-03-26 13:26:17,436[INFO]: burr model added
2026-03-26 13:26:17,444[INFO]: frechet model added
2026-03-26 13:26:17,668[INFO]: mmpp_k2 model added
2026-03-26 13:26:17,668[INFO]: mmpp_k2 model added
2026-03-26 13:26:17,733[INFO]: mmpp_k3 model added
2026-03-26 13:26:17,733[INFO]: mmpp_k3 model added
2026-03-26 13:26:17,834[INFO]: mmpp_k4 model added
2026-03-26 13:26:17,834[INFO]: mmpp_k4 model added
2026-03-26 13:32:53,557[INFO]: pois model added
2026-03-26 13:32:53,568[INFO]: gamma model added
2026-03-26 13:32:53,582[INFO]: hexp model added
2026-03-26 13:32:53,593[INFO]: lognorm model added
2026-03-26 13:32:53,603[INFO]: uniform model added
2026-03-26 13:32:53,613[INFO]: weibull model added
2026-03-26 13:32:53,640[INFO]: levi model added
2026-03-26 13:32:53,661[INFO]: phisher model added
2026-03-26 13:32:53,680[INFO]: pareto model added
2026-03-26 13:32:53,714[INFO]: invgamma model added
2026-03-26 13:32:53,746[INFO]: lomax model added
2026-03-26 13:32:53,782[INFO]: burr model added
2026-03-26 13:32:53,790[INFO]: frechet model added
2026-03-26 13:32:55,038[INFO]: mmpp_k2 model added
2026-03-26 13:32:55,038[INFO]: mmpp_k2 model added
2026-03-26 13:32:55,091[INFO]: mmpp_k3 model added
2026-03-26 13:32:55,091[INFO]: mmpp_k3 model added
2026-03-26 13:32:55,183[INFO]: mmpp_k4 model added
2026-03-26 13:32:55,183[INFO]: mmpp_k4 model added
2026-03-26 13:34:52,330[INFO]: pois model added
2026-03-26 13:34:52,346[INFO]: gamma model added
2026-03-26 13:34:52,366[INFO]: hexp model added
2026-03-26 13:34:52,384[INFO]: lognorm model added
2026-03-26 13:34:52,400[INFO]: uniform model added
2026-03-26 13:34:52,417[INFO]: weibull model added
2026-03-26 13:34:52,445[INFO]: levi model added
2026-03-26 13:34:52,470[INFO]: phisher model added
2026-03-26 13:34:52,488[INFO]: pareto model added
2026-03-26 13:34:52,524[INFO]: invgamma model added
2026-03-26 13:34:52,563[INFO]: lomax model added
2026-03-26 13:34:52,603[INFO]: burr model added
2026-03-26 13:34:52,619[INFO]: frechet model added
2026-03-26 13:34:53,905[INFO]: mmpp_k2 model added
2026-03-26 13:34:53,905[INFO]: mmpp_k2 model added
2026-03-26 13:34:53,970[INFO]: mmpp_k3 model added
2026-03-26 13:34:53,970[INFO]: mmpp_k3 model added
2026-03-26 13:34:54,064[INFO]: mmpp_k4 model added
2026-03-26 13:34:54,064[INFO]: mmpp_k4 model added
2026-03-26 13:35:38,915[INFO]: pois model added
2026-03-26 13:35:38,927[INFO]: gamma model added
2026-03-26 13:35:38,941[INFO]: hexp model added
2026-03-26 13:35:38,952[INFO]: lognorm model added
2026-03-26 13:35:38,967[INFO]: uniform model added
2026-03-26 13:35:38,979[INFO]: weibull model added
2026-03-26 13:35:39,004[INFO]: levi model added
2026-03-26 13:35:39,024[INFO]: phisher model added
2026-03-26 13:35:39,046[INFO]: pareto model added
2026-03-26 13:35:39,085[INFO]: invgamma model added
2026-03-26 13:35:39,120[INFO]: lomax model added
2026-03-26 13:35:39,167[INFO]: burr model added
2026-03-26 13:35:39,176[INFO]: frechet model added
2026-03-26 13:35:39,385[INFO]: mmpp_k2 model added
2026-03-26 13:35:39,385[INFO]: mmpp_k2 model added
2026-03-26 13:35:39,444[INFO]: mmpp_k3 model added
2026-03-26 13:35:39,444[INFO]: mmpp_k3 model added
2026-03-26 13:35:39,547[INFO]: mmpp_k4 model added
2026-03-26 13:35:39,547[INFO]: mmpp_k4 model added
2026-03-26 13:35:45,978[INFO]: pois model added
2026-03-26 13:35:45,988[INFO]: gamma model added
2026-03-26 13:35:46,002[INFO]: hexp model added
2026-03-26 13:35:46,013[INFO]: lognorm model added
2026-03-26 13:35:46,023[INFO]: uniform model added
2026-03-26 13:35:46,033[INFO]: weibull model added
2026-03-26 13:35:46,056[INFO]: levi model added
2026-03-26 13:35:46,075[INFO]: phisher model added
2026-03-26 13:35:46,095[INFO]: pareto model added
2026-03-26 13:35:46,127[INFO]: invgamma model added
2026-03-26 13:35:46,156[INFO]: lomax model added
2026-03-26 13:35:46,188[INFO]: burr model added
2026-03-26 13:35:46,195[INFO]: frechet model added
2026-03-26 13:35:46,301[INFO]: mmpp_k2 model added
2026-03-26 13:35:46,301[INFO]: mmpp_k2 model added
2026-03-26 13:35:46,356[INFO]: mmpp_k3 model added
2026-03-26 13:35:46,356[INFO]: mmpp_k3 model added
2026-03-26 13:35:46,447[INFO]: mmpp_k4 model added
2026-03-26 13:35:46,447[INFO]: mmpp_k4 model added
2026-03-26 13:38:43,517[INFO]: pois model added
2026-03-26 13:38:43,531[INFO]: gamma model added
2026-03-26 13:38:43,544[INFO]: hexp model added
2026-03-26 13:38:43,556[INFO]: lognorm model added
2026-03-26 13:38:43,567[INFO]: uniform model added
2026-03-26 13:38:43,580[INFO]: weibull model added
2026-03-26 13:38:43,614[INFO]: levi model added
2026-03-26 13:38:43,638[INFO]: phisher model added
2026-03-26 13:38:43,662[INFO]: pareto model added
2026-03-26 13:38:43,703[INFO]: invgamma model added
2026-03-26 13:38:43,743[INFO]: lomax model added
2026-03-26 13:38:43,786[INFO]: burr model added
2026-03-26 13:38:43,796[INFO]: frechet model added
2026-03-26 13:38:44,482[INFO]: mmpp_k2 model added
2026-03-26 13:38:44,482[INFO]: mmpp_k2 model added
2026-03-26 13:38:44,550[INFO]: mmpp_k3 model added
2026-03-26 13:38:44,550[INFO]: mmpp_k3 model added
2026-03-26 13:38:44,661[INFO]: mmpp_k4 model added
2026-03-26 13:38:44,661[INFO]: mmpp_k4 model added
2026-03-26 13:39:59,215[INFO]: pois model added
2026-03-26 13:39:59,227[INFO]: gamma model added
2026-03-26 13:39:59,239[INFO]: hexp model added
2026-03-26 13:39:59,250[INFO]: lognorm model added
2026-03-26 13:39:59,262[INFO]: uniform model added
2026-03-26 13:39:59,273[INFO]: weibull model added
2026-03-26 13:39:59,297[INFO]: levi model added
2026-03-26 13:39:59,318[INFO]: phisher model added
2026-03-26 13:39:59,336[INFO]: pareto model added
2026-03-26 13:39:59,369[INFO]: invgamma model added
2026-03-26 13:39:59,400[INFO]: lomax model added
2026-03-26 13:39:59,437[INFO]: burr model added
2026-03-26 13:39:59,445[INFO]: frechet model added
2026-03-26 13:39:59,638[INFO]: mmpp_k2 model added
2026-03-26 13:39:59,638[INFO]: mmpp_k2 model added
2026-03-26 13:39:59,692[INFO]: mmpp_k3 model added
2026-03-26 13:39:59,692[INFO]: mmpp_k3 model added
2026-03-26 13:39:59,784[INFO]: mmpp_k4 model added
2026-03-26 13:39:59,784[INFO]: mmpp_k4 model added
2026-03-26 13:42:15,870[INFO]: pois model added
2026-03-26 13:42:15,883[INFO]: gamma model added
2026-03-26 13:42:15,895[INFO]: hexp model added
2026-03-26 13:42:15,906[INFO]: lognorm model added
2026-03-26 13:42:15,917[INFO]: uniform model added
2026-03-26 13:42:15,928[INFO]: weibull model added
2026-03-26 13:42:15,954[INFO]: levi model added
2026-03-26 13:42:15,974[INFO]: phisher model added
2026-03-26 13:42:15,995[INFO]: pareto model added
2026-03-26 13:42:16,028[INFO]: invgamma model added
2026-03-26 13:42:16,062[INFO]: lomax model added
2026-03-26 13:42:16,100[INFO]: burr model added
2026-03-26 13:42:16,108[INFO]: frechet model added
2026-03-26 13:42:17,393[INFO]: mmpp_k2 model added
2026-03-26 13:42:17,393[INFO]: mmpp_k2 model added
2026-03-26 13:42:17,478[INFO]: mmpp_k3 model added
2026-03-26 13:42:17,478[INFO]: mmpp_k3 model added
2026-03-26 13:42:17,562[INFO]: mmpp_k4 model added
2026-03-26 13:42:17,562[INFO]: mmpp_k4 model added
2026-03-26 13:42:41,554[INFO]: pois model added
2026-03-26 13:42:41,564[INFO]: gamma model added
2026-03-26 13:42:41,577[INFO]: hexp model added
2026-03-26 13:42:41,587[INFO]: lognorm model added
2026-03-26 13:42:41,598[INFO]: uniform model added
2026-03-26 13:42:41,608[INFO]: weibull model added
2026-03-26 13:42:41,631[INFO]: levi model added
2026-03-26 13:42:41,651[INFO]: phisher model added
2026-03-26 13:42:41,672[INFO]: pareto model added
2026-03-26 13:42:41,705[INFO]: invgamma model added
2026-03-26 13:42:41,739[INFO]: lomax model added
2026-03-26 13:42:41,777[INFO]: burr model added
2026-03-26 13:42:41,785[INFO]: frechet model added
2026-03-26 13:42:41,965[INFO]: mmpp_k2 model added
2026-03-26 13:42:41,965[INFO]: mmpp_k2 model added
2026-03-26 13:42:42,019[INFO]: mmpp_k3 model added
2026-03-26 13:42:42,019[INFO]: mmpp_k3 model added
2026-03-26 13:42:42,108[INFO]: mmpp_k4 model added
2026-03-26 13:42:42,108[INFO]: mmpp_k4 model added
2026-03-26 13:43:14,081[INFO]: pois model added
2026-03-26 13:43:14,092[INFO]: gamma model added
2026-03-26 13:43:14,105[INFO]: hexp model added
2026-03-26 13:43:14,116[INFO]: lognorm model added
2026-03-26 13:43:14,127[INFO]: uniform model added
2026-03-26 13:43:14,137[INFO]: weibull model added
2026-03-26 13:43:14,163[INFO]: levi model added
2026-03-26 13:43:14,184[INFO]: phisher model added
2026-03-26 13:43:14,203[INFO]: pareto model added
2026-03-26 13:43:14,233[INFO]: invgamma model added
2026-03-26 13:43:14,261[INFO]: lomax model added
2026-03-26 13:43:14,297[INFO]: burr model added
2026-03-26 13:43:14,304[INFO]: frechet model added
2026-03-26 13:43:14,932[INFO]: mmpp_k2 model added
2026-03-26 13:43:14,932[INFO]: mmpp_k2 model added
2026-03-26 13:43:14,981[INFO]: mmpp_k3 model added
2026-03-26 13:43:14,981[INFO]: mmpp_k3 model added
2026-03-26 13:43:15,068[INFO]: mmpp_k4 model added
2026-03-26 13:43:15,068[INFO]: mmpp_k4 model added
2026-03-26 13:43:56,974[INFO]: pois model added
2026-03-26 13:43:57,007[INFO]: gamma model added
2026-03-26 13:43:57,035[INFO]: hexp model added
2026-03-26 13:43:57,072[INFO]: lognorm model added
2026-03-26 13:43:57,097[INFO]: uniform model added
2026-03-26 13:43:57,126[INFO]: weibull model added
2026-03-26 13:43:57,177[INFO]: levi model added
2026-03-26 13:43:57,220[INFO]: phisher model added
2026-03-26 13:43:57,253[INFO]: pareto model added
2026-03-26 13:43:57,309[INFO]: invgamma model added
2026-03-26 13:43:57,363[INFO]: lomax model added
2026-03-26 13:43:57,426[INFO]: burr model added
2026-03-26 13:43:57,447[INFO]: frechet model added
2026-03-26 13:43:58,771[INFO]: mmpp_k2 model added
2026-03-26 13:43:58,771[INFO]: mmpp_k2 model added
2026-03-26 13:43:58,854[INFO]: mmpp_k3 model added
2026-03-26 13:43:58,854[INFO]: mmpp_k3 model added
2026-03-26 13:43:58,987[INFO]: mmpp_k4 model added
2026-03-26 13:43:58,987[INFO]: mmpp_k4 model added
2026-03-26 13:44:31,026[INFO]: pois model added
2026-03-26 13:44:31,036[INFO]: gamma model added
2026-03-26 13:44:31,049[INFO]: hexp model added
2026-03-26 13:44:31,059[INFO]: lognorm model added
2026-03-26 13:44:31,070[INFO]: uniform model added
2026-03-26 13:44:31,080[INFO]: weibull model added
2026-03-26 13:44:31,104[INFO]: levi model added
2026-03-26 13:44:31,126[INFO]: phisher model added
2026-03-26 13:44:31,145[INFO]: pareto model added
2026-03-26 13:44:31,182[INFO]: invgamma model added
2026-03-26 13:44:31,213[INFO]: lomax model added
2026-03-26 13:44:31,250[INFO]: burr model added
2026-03-26 13:44:31,257[INFO]: frechet model added
2026-03-26 13:44:31,374[INFO]: mmpp_k2 model added
2026-03-26 13:44:31,374[INFO]: mmpp_k2 model added
2026-03-26 13:44:31,429[INFO]: mmpp_k3 model added
2026-03-26 13:44:31,429[INFO]: mmpp_k3 model added
2026-03-26 13:44:31,521[INFO]: mmpp_k4 model added
2026-03-26 13:44:31,521[INFO]: mmpp_k4 model added
2026-03-26 13:45:29,827[INFO]: pois model added
2026-03-26 13:45:29,838[INFO]: gamma model added
2026-03-26 13:45:29,856[INFO]: hexp model added
2026-03-26 13:45:29,869[INFO]: lognorm model added
2026-03-26 13:45:29,882[INFO]: uniform model added
2026-03-26 13:45:29,892[INFO]: weibull model added
2026-03-26 13:45:29,916[INFO]: levi model added
2026-03-26 13:45:29,936[INFO]: phisher model added
2026-03-26 13:45:29,956[INFO]: pareto model added
2026-03-26 13:45:29,988[INFO]: invgamma model added
2026-03-26 13:45:30,018[INFO]: lomax model added
2026-03-26 13:45:30,052[INFO]: burr model added
2026-03-26 13:45:30,059[INFO]: frechet model added
2026-03-26 13:45:30,150[INFO]: mmpp_k2 model added
2026-03-26 13:45:30,150[INFO]: mmpp_k2 model added
2026-03-26 13:45:30,204[INFO]: mmpp_k3 model added
2026-03-26 13:45:30,204[INFO]: mmpp_k3 model added
2026-03-26 13:45:30,292[INFO]: mmpp_k4 model added
2026-03-26 13:45:30,292[INFO]: mmpp_k4 model added
2026-03-26 13:50:43,723[INFO]: pois model added
2026-03-26 13:50:43,733[INFO]: gamma model added
2026-03-26 13:50:43,746[INFO]: hexp model added
2026-03-26 13:50:43,758[INFO]: lognorm model added
2026-03-26 13:50:43,769[INFO]: uniform model added
2026-03-26 13:50:43,780[INFO]: weibull model added
2026-03-26 13:50:43,806[INFO]: levi model added
2026-03-26 13:50:43,826[INFO]: phisher model added
2026-03-26 13:50:43,846[INFO]: pareto model added
2026-03-26 13:50:43,880[INFO]: invgamma model added
2026-03-26 13:50:43,914[INFO]: lomax model added
2026-03-26 13:50:43,951[INFO]: burr model added
2026-03-26 13:50:43,959[INFO]: frechet model added
2026-03-26 13:50:44,148[INFO]: mmpp_k2 model added
2026-03-26 13:50:44,148[INFO]: mmpp_k2 model added
2026-03-26 13:50:44,200[INFO]: mmpp_k3 model added
2026-03-26 13:50:44,200[INFO]: mmpp_k3 model added
2026-03-26 13:50:44,286[INFO]: mmpp_k4 model added
2026-03-26 13:50:44,286[INFO]: mmpp_k4 model added
2026-03-26 13:52:24,012[INFO]: pois model added
2026-03-26 13:52:24,022[INFO]: gamma model added
2026-03-26 13:52:24,034[INFO]: hexp model added
2026-03-26 13:52:24,044[INFO]: lognorm model added
2026-03-26 13:52:24,055[INFO]: uniform model added
2026-03-26 13:52:24,065[INFO]: weibull model added
2026-03-26 13:52:24,089[INFO]: levi model added
2026-03-26 13:52:24,108[INFO]: phisher model added
2026-03-26 13:52:24,129[INFO]: pareto model added
2026-03-26 13:52:24,160[INFO]: invgamma model added
2026-03-26 13:52:24,192[INFO]: lomax model added
2026-03-26 13:52:24,233[INFO]: burr model added
2026-03-26 13:52:24,241[INFO]: frechet model added
2026-03-26 13:52:25,507[INFO]: mmpp_k2 model added
2026-03-26 13:52:25,507[INFO]: mmpp_k2 model added
2026-03-26 13:52:25,560[INFO]: mmpp_k3 model added
2026-03-26 13:52:25,560[INFO]: mmpp_k3 model added
2026-03-26 13:52:25,646[INFO]: mmpp_k4 model added
2026-03-26 13:52:25,646[INFO]: mmpp_k4 model added
2026-03-26 13:54:13,239[INFO]: pois model added
2026-03-26 13:54:13,251[INFO]: gamma model added
2026-03-26 13:54:13,264[INFO]: hexp model added
2026-03-26 13:54:13,274[INFO]: lognorm model added
2026-03-26 13:54:13,286[INFO]: uniform model added
2026-03-26 13:54:13,297[INFO]: weibull model added
2026-03-26 13:54:13,323[INFO]: levi model added
2026-03-26 13:54:13,344[INFO]: phisher model added
2026-03-26 13:54:13,363[INFO]: pareto model added
2026-03-26 13:54:13,393[INFO]: invgamma model added
2026-03-26 13:54:13,425[INFO]: lomax model added
2026-03-26 13:54:13,460[INFO]: burr model added
2026-03-26 13:54:13,467[INFO]: frechet model added
2026-03-26 13:54:14,717[INFO]: mmpp_k2 model added
2026-03-26 13:54:14,717[INFO]: mmpp_k2 model added
2026-03-26 13:54:14,770[INFO]: mmpp_k3 model added
2026-03-26 13:54:14,770[INFO]: mmpp_k3 model added
2026-03-26 13:54:14,855[INFO]: mmpp_k4 model added
2026-03-26 13:54:14,855[INFO]: mmpp_k4 model added
2026-03-26 13:55:25,022[INFO]: pois model added
2026-03-26 13:55:25,032[INFO]: gamma model added
2026-03-26 13:55:25,045[INFO]: hexp model added
2026-03-26 13:55:25,056[INFO]: lognorm model added
2026-03-26 13:55:25,067[INFO]: uniform model added
2026-03-26 13:55:25,077[INFO]: weibull model added
2026-03-26 13:55:25,104[INFO]: levi model added
2026-03-26 13:55:25,124[INFO]: phisher model added
2026-03-26 13:55:25,145[INFO]: pareto model added
2026-03-26 13:55:25,179[INFO]: invgamma model added
2026-03-26 13:55:25,214[INFO]: lomax model added
2026-03-26 13:55:25,252[INFO]: burr model added
2026-03-26 13:55:25,259[INFO]: frechet model added
2026-03-26 13:55:25,896[INFO]: mmpp_k2 model added
2026-03-26 13:55:25,896[INFO]: mmpp_k2 model added
2026-03-26 13:55:25,945[INFO]: mmpp_k3 model added
2026-03-26 13:55:25,945[INFO]: mmpp_k3 model added
2026-03-26 13:55:26,036[INFO]: mmpp_k4 model added
2026-03-26 13:55:26,036[INFO]: mmpp_k4 model added
